CRITICAL - 2023-05-07 05:00:48 --> Invalid file: "v2\base.php"
in SYSTEMPATH\Exceptions\FrameworkException.php on line 33.
 1 SYSTEMPATH\View\View.php(201): CodeIgniter\Exceptions\FrameworkException::forInvalidFile('v2\\base.php')
 2 SYSTEMPATH\View\View.php(229): CodeIgniter\View\View->render('v2\\base', [], true)
 3 SYSTEMPATH\Common.php(1184): CodeIgniter\View\View->render('product/index', [], true)
 4 APPPATH\Controllers\Product.php(42): view('product/index', [...])
 5 SYSTEMPATH\CodeIgniter.php(934): App\Controllers\Product->index()
 6 SYSTEMPATH\CodeIgniter.php(499): CodeIgniter\CodeIgniter->runController(Object(App\Controllers\Product))
 7 SYSTEMPATH\CodeIgniter.php(368): CodeIgniter\CodeIgniter->handleRequest(null, Object(Config\Cache), false)
 8 FCPATH\index.php(67): CodeIgniter\CodeIgniter->run()
 9 SYSTEMPATH\Commands\Server\rewrite.php(47): require_once('FCPATH\\index.php')
CRITICAL - 2023-05-07 05:01:30 --> Invalid file: "v2/base.php"
in SYSTEMPATH\Exceptions\FrameworkException.php on line 33.
 1 SYSTEMPATH\View\View.php(201): CodeIgniter\Exceptions\FrameworkException::forInvalidFile('v2/base.php')
 2 SYSTEMPATH\View\View.php(229): CodeIgniter\View\View->render('v2/base', [], true)
 3 SYSTEMPATH\Common.php(1184): CodeIgniter\View\View->render('product/index', [], true)
 4 APPPATH\Controllers\Product.php(42): view('product/index', [...])
 5 SYSTEMPATH\CodeIgniter.php(934): App\Controllers\Product->index()
 6 SYSTEMPATH\CodeIgniter.php(499): CodeIgniter\CodeIgniter->runController(Object(App\Controllers\Product))
 7 SYSTEMPATH\CodeIgniter.php(368): CodeIgniter\CodeIgniter->handleRequest(null, Object(Config\Cache), false)
 8 FCPATH\index.php(67): CodeIgniter\CodeIgniter->run()
 9 SYSTEMPATH\Commands\Server\rewrite.php(47): require_once('FCPATH\\index.php')
CRITICAL - 2023-05-07 05:01:32 --> Invalid file: "v2/base.php"
in SYSTEMPATH\Exceptions\FrameworkException.php on line 33.
 1 SYSTEMPATH\View\View.php(201): CodeIgniter\Exceptions\FrameworkException::forInvalidFile('v2/base.php')
 2 SYSTEMPATH\View\View.php(229): CodeIgniter\View\View->render('v2/base', [], true)
 3 SYSTEMPATH\Common.php(1184): CodeIgniter\View\View->render('product/index', [], true)
 4 APPPATH\Controllers\Product.php(42): view('product/index', [...])
 5 SYSTEMPATH\CodeIgniter.php(934): App\Controllers\Product->index()
 6 SYSTEMPATH\CodeIgniter.php(499): CodeIgniter\CodeIgniter->runController(Object(App\Controllers\Product))
 7 SYSTEMPATH\CodeIgniter.php(368): CodeIgniter\CodeIgniter->handleRequest(null, Object(Config\Cache), false)
 8 FCPATH\index.php(67): CodeIgniter\CodeIgniter->run()
 9 SYSTEMPATH\Commands\Server\rewrite.php(47): require_once('FCPATH\\index.php')
CRITICAL - 2023-05-07 05:01:40 --> Invalid file: "v2/base.php"
in SYSTEMPATH\Exceptions\FrameworkException.php on line 33.
 1 SYSTEMPATH\View\View.php(201): CodeIgniter\Exceptions\FrameworkException::forInvalidFile('v2/base.php')
 2 SYSTEMPATH\View\View.php(229): CodeIgniter\View\View->render('v2/base', [], true)
 3 SYSTEMPATH\Common.php(1184): CodeIgniter\View\View->render('product/index', [], true)
 4 APPPATH\Controllers\Product.php(42): view('product/index', [...])
 5 SYSTEMPATH\CodeIgniter.php(934): App\Controllers\Product->index()
 6 SYSTEMPATH\CodeIgniter.php(499): CodeIgniter\CodeIgniter->runController(Object(App\Controllers\Product))
 7 SYSTEMPATH\CodeIgniter.php(368): CodeIgniter\CodeIgniter->handleRequest(null, Object(Config\Cache), false)
 8 FCPATH\index.php(67): CodeIgniter\CodeIgniter->run()
 9 SYSTEMPATH\Commands\Server\rewrite.php(47): require_once('FCPATH\\index.php')
CRITICAL - 2023-05-07 05:15:07 --> Invalid file: "layouts/v2/header.php"
in SYSTEMPATH\Exceptions\FrameworkException.php on line 33.
 1 SYSTEMPATH\View\View.php(201): CodeIgniter\Exceptions\FrameworkException::forInvalidFile('layouts/v2/header.php')
 2 SYSTEMPATH\View\View.php(431): CodeIgniter\View\View->render('layouts/v2/header', null, true)
 3 APPPATH\Views\v2\product\base.php(31): CodeIgniter\View\View->include('layouts/v2/header')
 4 SYSTEMPATH\View\View.php(213): include('APPPATH\\Views\\v2\\product\\base.php')
 5 SYSTEMPATH\View\View.php(216): CodeIgniter\View\View->CodeIgniter\View\{closure}()
 6 SYSTEMPATH\View\View.php(229): CodeIgniter\View\View->render('v2/product/base', [], true)
 7 SYSTEMPATH\Common.php(1184): CodeIgniter\View\View->render('product/index', [], true)
 8 APPPATH\Controllers\Product.php(42): view('product/index', [...])
 9 SYSTEMPATH\CodeIgniter.php(934): App\Controllers\Product->index()
10 SYSTEMPATH\CodeIgniter.php(499): CodeIgniter\CodeIgniter->runController(Object(App\Controllers\Product))
11 SYSTEMPATH\CodeIgniter.php(368): CodeIgniter\CodeIgniter->handleRequest(null, Object(Config\Cache), false)
12 FCPATH\index.php(67): CodeIgniter\CodeIgniter->run()
13 SYSTEMPATH\Commands\Server\rewrite.php(47): require_once('FCPATH\\index.php')
CRITICAL - 2023-05-07 05:15:07 --> Invalid file: "layouts/v2/header.php"
in SYSTEMPATH\Exceptions\FrameworkException.php on line 33.
 1 SYSTEMPATH\View\View.php(201): CodeIgniter\Exceptions\FrameworkException::forInvalidFile('layouts/v2/header.php')
 2 SYSTEMPATH\View\View.php(431): CodeIgniter\View\View->render('layouts/v2/header', null, true)
 3 APPPATH\Views\v2\product\base.php(31): CodeIgniter\View\View->include('layouts/v2/header')
 4 SYSTEMPATH\View\View.php(213): include('APPPATH\\Views\\v2\\product\\base.php')
 5 SYSTEMPATH\View\View.php(216): CodeIgniter\View\View->CodeIgniter\View\{closure}()
 6 SYSTEMPATH\View\View.php(229): CodeIgniter\View\View->render('v2/product/base', [], true)
 7 SYSTEMPATH\Common.php(1184): CodeIgniter\View\View->render('product/index', [], true)
 8 APPPATH\Controllers\Product.php(42): view('product/index', [...])
 9 SYSTEMPATH\CodeIgniter.php(934): App\Controllers\Product->index()
10 SYSTEMPATH\CodeIgniter.php(499): CodeIgniter\CodeIgniter->runController(Object(App\Controllers\Product))
11 SYSTEMPATH\CodeIgniter.php(368): CodeIgniter\CodeIgniter->handleRequest(null, Object(Config\Cache), false)
12 FCPATH\index.php(67): CodeIgniter\CodeIgniter->run()
13 SYSTEMPATH\Commands\Server\rewrite.php(47): require_once('FCPATH\\index.php')
CRITICAL - 2023-05-07 05:15:25 --> Invalid file: "layouts/v2/header.php"
in SYSTEMPATH\Exceptions\FrameworkException.php on line 33.
 1 SYSTEMPATH\View\View.php(201): CodeIgniter\Exceptions\FrameworkException::forInvalidFile('layouts/v2/header.php')
 2 SYSTEMPATH\View\View.php(431): CodeIgniter\View\View->render('layouts/v2/header', null, true)
 3 APPPATH\Views\v2\product\base.php(31): CodeIgniter\View\View->include('layouts/v2/header')
 4 SYSTEMPATH\View\View.php(213): include('APPPATH\\Views\\v2\\product\\base.php')
 5 SYSTEMPATH\View\View.php(216): CodeIgniter\View\View->CodeIgniter\View\{closure}()
 6 SYSTEMPATH\View\View.php(229): CodeIgniter\View\View->render('v2/product/base', [], true)
 7 SYSTEMPATH\Common.php(1184): CodeIgniter\View\View->render('product/index', [], true)
 8 APPPATH\Controllers\Product.php(42): view('product/index', [...])
 9 SYSTEMPATH\CodeIgniter.php(934): App\Controllers\Product->index()
10 SYSTEMPATH\CodeIgniter.php(499): CodeIgniter\CodeIgniter->runController(Object(App\Controllers\Product))
11 SYSTEMPATH\CodeIgniter.php(368): CodeIgniter\CodeIgniter->handleRequest(null, Object(Config\Cache), false)
12 FCPATH\index.php(67): CodeIgniter\CodeIgniter->run()
13 SYSTEMPATH\Commands\Server\rewrite.php(47): require_once('FCPATH\\index.php')
CRITICAL - 2023-05-07 05:30:02 --> Invalid file: "layoutsV2/head.php"
in SYSTEMPATH\Exceptions\FrameworkException.php on line 33.
 1 SYSTEMPATH\View\View.php(201): CodeIgniter\Exceptions\FrameworkException::forInvalidFile('layoutsV2/head.php')
 2 SYSTEMPATH\View\View.php(431): CodeIgniter\View\View->render('layoutsV2/head', null, true)
 3 APPPATH\Views\v2\product\base.php(3): CodeIgniter\View\View->include('layoutsV2/head')
 4 SYSTEMPATH\View\View.php(213): include('APPPATH\\Views\\v2\\product\\base.php')
 5 SYSTEMPATH\View\View.php(216): CodeIgniter\View\View->CodeIgniter\View\{closure}()
 6 SYSTEMPATH\View\View.php(229): CodeIgniter\View\View->render('v2/product/base', [], true)
 7 SYSTEMPATH\Common.php(1184): CodeIgniter\View\View->render('product/index', [], true)
 8 APPPATH\Controllers\Product.php(42): view('product/index', [...])
 9 SYSTEMPATH\CodeIgniter.php(934): App\Controllers\Product->index()
10 SYSTEMPATH\CodeIgniter.php(499): CodeIgniter\CodeIgniter->runController(Object(App\Controllers\Product))
11 SYSTEMPATH\CodeIgniter.php(368): CodeIgniter\CodeIgniter->handleRequest(null, Object(Config\Cache), false)
12 FCPATH\index.php(67): CodeIgniter\CodeIgniter->run()
13 SYSTEMPATH\Commands\Server\rewrite.php(47): require_once('FCPATH\\index.php')
CRITICAL - 2023-05-07 05:30:04 --> Invalid file: "layoutsV2/head.php"
in SYSTEMPATH\Exceptions\FrameworkException.php on line 33.
 1 SYSTEMPATH\View\View.php(201): CodeIgniter\Exceptions\FrameworkException::forInvalidFile('layoutsV2/head.php')
 2 SYSTEMPATH\View\View.php(431): CodeIgniter\View\View->render('layoutsV2/head', null, true)
 3 APPPATH\Views\v2\product\base.php(3): CodeIgniter\View\View->include('layoutsV2/head')
 4 SYSTEMPATH\View\View.php(213): include('APPPATH\\Views\\v2\\product\\base.php')
 5 SYSTEMPATH\View\View.php(216): CodeIgniter\View\View->CodeIgniter\View\{closure}()
 6 SYSTEMPATH\View\View.php(229): CodeIgniter\View\View->render('v2/product/base', [], true)
 7 SYSTEMPATH\Common.php(1184): CodeIgniter\View\View->render('product/index', [], true)
 8 APPPATH\Controllers\Product.php(42): view('product/index', [...])
 9 SYSTEMPATH\CodeIgniter.php(934): App\Controllers\Product->index()
10 SYSTEMPATH\CodeIgniter.php(499): CodeIgniter\CodeIgniter->runController(Object(App\Controllers\Product))
11 SYSTEMPATH\CodeIgniter.php(368): CodeIgniter\CodeIgniter->handleRequest(null, Object(Config\Cache), false)
12 FCPATH\index.php(67): CodeIgniter\CodeIgniter->run()
13 SYSTEMPATH\Commands\Server\rewrite.php(47): require_once('FCPATH\\index.php')
CRITICAL - 2023-05-07 05:30:06 --> Invalid file: "layoutsV2/head.php"
in SYSTEMPATH\Exceptions\FrameworkException.php on line 33.
 1 SYSTEMPATH\View\View.php(201): CodeIgniter\Exceptions\FrameworkException::forInvalidFile('layoutsV2/head.php')
 2 SYSTEMPATH\View\View.php(431): CodeIgniter\View\View->render('layoutsV2/head', null, true)
 3 APPPATH\Views\v2\product\base.php(3): CodeIgniter\View\View->include('layoutsV2/head')
 4 SYSTEMPATH\View\View.php(213): include('APPPATH\\Views\\v2\\product\\base.php')
 5 SYSTEMPATH\View\View.php(216): CodeIgniter\View\View->CodeIgniter\View\{closure}()
 6 SYSTEMPATH\View\View.php(229): CodeIgniter\View\View->render('v2/product/base', [], true)
 7 SYSTEMPATH\Common.php(1184): CodeIgniter\View\View->render('product/index', [], true)
 8 APPPATH\Controllers\Product.php(42): view('product/index', [...])
 9 SYSTEMPATH\CodeIgniter.php(934): App\Controllers\Product->index()
10 SYSTEMPATH\CodeIgniter.php(499): CodeIgniter\CodeIgniter->runController(Object(App\Controllers\Product))
11 SYSTEMPATH\CodeIgniter.php(368): CodeIgniter\CodeIgniter->handleRequest(null, Object(Config\Cache), false)
12 FCPATH\index.php(67): CodeIgniter\CodeIgniter->run()
13 SYSTEMPATH\Commands\Server\rewrite.php(47): require_once('FCPATH\\index.php')
CRITICAL - 2023-05-07 05:32:16 --> Invalid file: "layoutsV2/head.php"
in SYSTEMPATH\Exceptions\FrameworkException.php on line 33.
 1 SYSTEMPATH\View\View.php(201): CodeIgniter\Exceptions\FrameworkException::forInvalidFile('layoutsV2/head.php')
 2 SYSTEMPATH\View\View.php(431): CodeIgniter\View\View->render('layoutsV2/head', null, true)
 3 APPPATH\Views\v2\product\base.php(3): CodeIgniter\View\View->include('layoutsV2/head')
 4 SYSTEMPATH\View\View.php(213): include('APPPATH\\Views\\v2\\product\\base.php')
 5 SYSTEMPATH\View\View.php(216): CodeIgniter\View\View->CodeIgniter\View\{closure}()
 6 SYSTEMPATH\View\View.php(229): CodeIgniter\View\View->render('v2/product/base', [], true)
 7 SYSTEMPATH\Common.php(1184): CodeIgniter\View\View->render('product/index', [], true)
 8 APPPATH\Controllers\Product.php(42): view('product/index', [...])
 9 SYSTEMPATH\CodeIgniter.php(934): App\Controllers\Product->index()
10 SYSTEMPATH\CodeIgniter.php(499): CodeIgniter\CodeIgniter->runController(Object(App\Controllers\Product))
11 SYSTEMPATH\CodeIgniter.php(368): CodeIgniter\CodeIgniter->handleRequest(null, Object(Config\Cache), false)
12 FCPATH\index.php(67): CodeIgniter\CodeIgniter->run()
13 SYSTEMPATH\Commands\Server\rewrite.php(47): require_once('FCPATH\\index.php')
CRITICAL - 2023-05-07 05:32:18 --> Invalid file: "layoutsV2/head.php"
in SYSTEMPATH\Exceptions\FrameworkException.php on line 33.
 1 SYSTEMPATH\View\View.php(201): CodeIgniter\Exceptions\FrameworkException::forInvalidFile('layoutsV2/head.php')
 2 SYSTEMPATH\View\View.php(431): CodeIgniter\View\View->render('layoutsV2/head', null, true)
 3 APPPATH\Views\v2\product\base.php(3): CodeIgniter\View\View->include('layoutsV2/head')
 4 SYSTEMPATH\View\View.php(213): include('APPPATH\\Views\\v2\\product\\base.php')
 5 SYSTEMPATH\View\View.php(216): CodeIgniter\View\View->CodeIgniter\View\{closure}()
 6 SYSTEMPATH\View\View.php(229): CodeIgniter\View\View->render('v2/product/base', [], true)
 7 SYSTEMPATH\Common.php(1184): CodeIgniter\View\View->render('product/index', [], true)
 8 APPPATH\Controllers\Product.php(42): view('product/index', [...])
 9 SYSTEMPATH\CodeIgniter.php(934): App\Controllers\Product->index()
10 SYSTEMPATH\CodeIgniter.php(499): CodeIgniter\CodeIgniter->runController(Object(App\Controllers\Product))
11 SYSTEMPATH\CodeIgniter.php(368): CodeIgniter\CodeIgniter->handleRequest(null, Object(Config\Cache), false)
12 FCPATH\index.php(67): CodeIgniter\CodeIgniter->run()
13 SYSTEMPATH\Commands\Server\rewrite.php(47): require_once('FCPATH\\index.php')
CRITICAL - 2023-05-07 05:32:18 --> Invalid file: "layoutsV2/head.php"
in SYSTEMPATH\Exceptions\FrameworkException.php on line 33.
 1 SYSTEMPATH\View\View.php(201): CodeIgniter\Exceptions\FrameworkException::forInvalidFile('layoutsV2/head.php')
 2 SYSTEMPATH\View\View.php(431): CodeIgniter\View\View->render('layoutsV2/head', null, true)
 3 APPPATH\Views\v2\product\base.php(3): CodeIgniter\View\View->include('layoutsV2/head')
 4 SYSTEMPATH\View\View.php(213): include('APPPATH\\Views\\v2\\product\\base.php')
 5 SYSTEMPATH\View\View.php(216): CodeIgniter\View\View->CodeIgniter\View\{closure}()
 6 SYSTEMPATH\View\View.php(229): CodeIgniter\View\View->render('v2/product/base', [], true)
 7 SYSTEMPATH\Common.php(1184): CodeIgniter\View\View->render('product/index', [], true)
 8 APPPATH\Controllers\Product.php(42): view('product/index', [...])
 9 SYSTEMPATH\CodeIgniter.php(934): App\Controllers\Product->index()
10 SYSTEMPATH\CodeIgniter.php(499): CodeIgniter\CodeIgniter->runController(Object(App\Controllers\Product))
11 SYSTEMPATH\CodeIgniter.php(368): CodeIgniter\CodeIgniter->handleRequest(null, Object(Config\Cache), false)
12 FCPATH\index.php(67): CodeIgniter\CodeIgniter->run()
13 SYSTEMPATH\Commands\Server\rewrite.php(47): require_once('FCPATH\\index.php')
CRITICAL - 2023-05-07 05:32:19 --> Invalid file: "layoutsV2/head.php"
in SYSTEMPATH\Exceptions\FrameworkException.php on line 33.
 1 SYSTEMPATH\View\View.php(201): CodeIgniter\Exceptions\FrameworkException::forInvalidFile('layoutsV2/head.php')
 2 SYSTEMPATH\View\View.php(431): CodeIgniter\View\View->render('layoutsV2/head', null, true)
 3 APPPATH\Views\v2\product\base.php(3): CodeIgniter\View\View->include('layoutsV2/head')
 4 SYSTEMPATH\View\View.php(213): include('APPPATH\\Views\\v2\\product\\base.php')
 5 SYSTEMPATH\View\View.php(216): CodeIgniter\View\View->CodeIgniter\View\{closure}()
 6 SYSTEMPATH\View\View.php(229): CodeIgniter\View\View->render('v2/product/base', [], true)
 7 SYSTEMPATH\Common.php(1184): CodeIgniter\View\View->render('product/index', [], true)
 8 APPPATH\Controllers\Product.php(42): view('product/index', [...])
 9 SYSTEMPATH\CodeIgniter.php(934): App\Controllers\Product->index()
10 SYSTEMPATH\CodeIgniter.php(499): CodeIgniter\CodeIgniter->runController(Object(App\Controllers\Product))
11 SYSTEMPATH\CodeIgniter.php(368): CodeIgniter\CodeIgniter->handleRequest(null, Object(Config\Cache), false)
12 FCPATH\index.php(67): CodeIgniter\CodeIgniter->run()
13 SYSTEMPATH\Commands\Server\rewrite.php(47): require_once('FCPATH\\index.php')
CRITICAL - 2023-05-07 05:32:30 --> Invalid file: "layoutsV2/head.php"
in SYSTEMPATH\Exceptions\FrameworkException.php on line 33.
 1 SYSTEMPATH\View\View.php(201): CodeIgniter\Exceptions\FrameworkException::forInvalidFile('layoutsV2/head.php')
 2 SYSTEMPATH\View\View.php(431): CodeIgniter\View\View->render('layoutsV2/head', null, true)
 3 APPPATH\Views\v2\product\base.php(3): CodeIgniter\View\View->include('layoutsV2/head')
 4 SYSTEMPATH\View\View.php(213): include('APPPATH\\Views\\v2\\product\\base.php')
 5 SYSTEMPATH\View\View.php(216): CodeIgniter\View\View->CodeIgniter\View\{closure}()
 6 SYSTEMPATH\View\View.php(229): CodeIgniter\View\View->render('v2/product/base', [], true)
 7 SYSTEMPATH\Common.php(1184): CodeIgniter\View\View->render('product/index', [], true)
 8 APPPATH\Controllers\Product.php(42): view('product/index', [...])
 9 SYSTEMPATH\CodeIgniter.php(934): App\Controllers\Product->index()
10 SYSTEMPATH\CodeIgniter.php(499): CodeIgniter\CodeIgniter->runController(Object(App\Controllers\Product))
11 SYSTEMPATH\CodeIgniter.php(368): CodeIgniter\CodeIgniter->handleRequest(null, Object(Config\Cache), false)
12 FCPATH\index.php(67): CodeIgniter\CodeIgniter->run()
13 SYSTEMPATH\Commands\Server\rewrite.php(47): require_once('FCPATH\\index.php')
CRITICAL - 2023-05-07 05:32:31 --> Invalid file: "layoutsV2/head.php"
in SYSTEMPATH\Exceptions\FrameworkException.php on line 33.
 1 SYSTEMPATH\View\View.php(201): CodeIgniter\Exceptions\FrameworkException::forInvalidFile('layoutsV2/head.php')
 2 SYSTEMPATH\View\View.php(431): CodeIgniter\View\View->render('layoutsV2/head', null, true)
 3 APPPATH\Views\v2\product\base.php(3): CodeIgniter\View\View->include('layoutsV2/head')
 4 SYSTEMPATH\View\View.php(213): include('APPPATH\\Views\\v2\\product\\base.php')
 5 SYSTEMPATH\View\View.php(216): CodeIgniter\View\View->CodeIgniter\View\{closure}()
 6 SYSTEMPATH\View\View.php(229): CodeIgniter\View\View->render('v2/product/base', [], true)
 7 SYSTEMPATH\Common.php(1184): CodeIgniter\View\View->render('product/index', [], true)
 8 APPPATH\Controllers\Product.php(42): view('product/index', [...])
 9 SYSTEMPATH\CodeIgniter.php(934): App\Controllers\Product->index()
10 SYSTEMPATH\CodeIgniter.php(499): CodeIgniter\CodeIgniter->runController(Object(App\Controllers\Product))
11 SYSTEMPATH\CodeIgniter.php(368): CodeIgniter\CodeIgniter->handleRequest(null, Object(Config\Cache), false)
12 FCPATH\index.php(67): CodeIgniter\CodeIgniter->run()
13 SYSTEMPATH\Commands\Server\rewrite.php(47): require_once('FCPATH\\index.php')
CRITICAL - 2023-05-07 05:33:23 --> Invalid file: "layoutsV2/head.php"
in SYSTEMPATH\Exceptions\FrameworkException.php on line 33.
 1 SYSTEMPATH\View\View.php(201): CodeIgniter\Exceptions\FrameworkException::forInvalidFile('layoutsV2/head.php')
 2 SYSTEMPATH\View\View.php(431): CodeIgniter\View\View->render('layoutsV2/head', null, true)
 3 APPPATH\Views\v2\product\base.php(3): CodeIgniter\View\View->include('layoutsV2/head')
 4 SYSTEMPATH\View\View.php(213): include('APPPATH\\Views\\v2\\product\\base.php')
 5 SYSTEMPATH\View\View.php(216): CodeIgniter\View\View->CodeIgniter\View\{closure}()
 6 SYSTEMPATH\View\View.php(229): CodeIgniter\View\View->render('v2/product/base', [], true)
 7 SYSTEMPATH\Common.php(1184): CodeIgniter\View\View->render('product/index', [], true)
 8 APPPATH\Controllers\Product.php(42): view('product/index', [...])
 9 SYSTEMPATH\CodeIgniter.php(934): App\Controllers\Product->index()
10 SYSTEMPATH\CodeIgniter.php(499): CodeIgniter\CodeIgniter->runController(Object(App\Controllers\Product))
11 SYSTEMPATH\CodeIgniter.php(368): CodeIgniter\CodeIgniter->handleRequest(null, Object(Config\Cache), false)
12 FCPATH\index.php(67): CodeIgniter\CodeIgniter->run()
13 SYSTEMPATH\Commands\Server\rewrite.php(47): require_once('FCPATH\\index.php')
CRITICAL - 2023-05-07 05:33:24 --> Invalid file: "layoutsV2/head.php"
in SYSTEMPATH\Exceptions\FrameworkException.php on line 33.
 1 SYSTEMPATH\View\View.php(201): CodeIgniter\Exceptions\FrameworkException::forInvalidFile('layoutsV2/head.php')
 2 SYSTEMPATH\View\View.php(431): CodeIgniter\View\View->render('layoutsV2/head', null, true)
 3 APPPATH\Views\v2\product\base.php(3): CodeIgniter\View\View->include('layoutsV2/head')
 4 SYSTEMPATH\View\View.php(213): include('APPPATH\\Views\\v2\\product\\base.php')
 5 SYSTEMPATH\View\View.php(216): CodeIgniter\View\View->CodeIgniter\View\{closure}()
 6 SYSTEMPATH\View\View.php(229): CodeIgniter\View\View->render('v2/product/base', [], true)
 7 SYSTEMPATH\Common.php(1184): CodeIgniter\View\View->render('product/index', [], true)
 8 APPPATH\Controllers\Product.php(42): view('product/index', [...])
 9 SYSTEMPATH\CodeIgniter.php(934): App\Controllers\Product->index()
10 SYSTEMPATH\CodeIgniter.php(499): CodeIgniter\CodeIgniter->runController(Object(App\Controllers\Product))
11 SYSTEMPATH\CodeIgniter.php(368): CodeIgniter\CodeIgniter->handleRequest(null, Object(Config\Cache), false)
12 FCPATH\index.php(67): CodeIgniter\CodeIgniter->run()
13 SYSTEMPATH\Commands\Server\rewrite.php(47): require_once('FCPATH\\index.php')
CRITICAL - 2023-05-07 05:33:24 --> Invalid file: "layoutsV2/head.php"
in SYSTEMPATH\Exceptions\FrameworkException.php on line 33.
 1 SYSTEMPATH\View\View.php(201): CodeIgniter\Exceptions\FrameworkException::forInvalidFile('layoutsV2/head.php')
 2 SYSTEMPATH\View\View.php(431): CodeIgniter\View\View->render('layoutsV2/head', null, true)
 3 APPPATH\Views\v2\product\base.php(3): CodeIgniter\View\View->include('layoutsV2/head')
 4 SYSTEMPATH\View\View.php(213): include('APPPATH\\Views\\v2\\product\\base.php')
 5 SYSTEMPATH\View\View.php(216): CodeIgniter\View\View->CodeIgniter\View\{closure}()
 6 SYSTEMPATH\View\View.php(229): CodeIgniter\View\View->render('v2/product/base', [], true)
 7 SYSTEMPATH\Common.php(1184): CodeIgniter\View\View->render('product/index', [], true)
 8 APPPATH\Controllers\Product.php(42): view('product/index', [...])
 9 SYSTEMPATH\CodeIgniter.php(934): App\Controllers\Product->index()
10 SYSTEMPATH\CodeIgniter.php(499): CodeIgniter\CodeIgniter->runController(Object(App\Controllers\Product))
11 SYSTEMPATH\CodeIgniter.php(368): CodeIgniter\CodeIgniter->handleRequest(null, Object(Config\Cache), false)
12 FCPATH\index.php(67): CodeIgniter\CodeIgniter->run()
13 SYSTEMPATH\Commands\Server\rewrite.php(47): require_once('FCPATH\\index.php')
CRITICAL - 2023-05-07 05:33:30 --> Invalid file: "layoutsV2/head.php"
in SYSTEMPATH\Exceptions\FrameworkException.php on line 33.
 1 SYSTEMPATH\View\View.php(201): CodeIgniter\Exceptions\FrameworkException::forInvalidFile('layoutsV2/head.php')
 2 SYSTEMPATH\View\View.php(431): CodeIgniter\View\View->render('layoutsV2/head', null, true)
 3 APPPATH\Views\v2\product\base.php(3): CodeIgniter\View\View->include('layoutsV2/head')
 4 SYSTEMPATH\View\View.php(213): include('APPPATH\\Views\\v2\\product\\base.php')
 5 SYSTEMPATH\View\View.php(216): CodeIgniter\View\View->CodeIgniter\View\{closure}()
 6 SYSTEMPATH\View\View.php(229): CodeIgniter\View\View->render('v2/product/base', [], true)
 7 SYSTEMPATH\Common.php(1184): CodeIgniter\View\View->render('product/index', [], true)
 8 APPPATH\Controllers\Product.php(42): view('product/index', [...])
 9 SYSTEMPATH\CodeIgniter.php(934): App\Controllers\Product->index()
10 SYSTEMPATH\CodeIgniter.php(499): CodeIgniter\CodeIgniter->runController(Object(App\Controllers\Product))
11 SYSTEMPATH\CodeIgniter.php(368): CodeIgniter\CodeIgniter->handleRequest(null, Object(Config\Cache), false)
12 FCPATH\index.php(67): CodeIgniter\CodeIgniter->run()
13 SYSTEMPATH\Commands\Server\rewrite.php(47): require_once('FCPATH\\index.php')
CRITICAL - 2023-05-07 05:34:03 --> Invalid file: "layoutsV2/head.php"
in SYSTEMPATH\Exceptions\FrameworkException.php on line 33.
 1 SYSTEMPATH\View\View.php(201): CodeIgniter\Exceptions\FrameworkException::forInvalidFile('layoutsV2/head.php')
 2 SYSTEMPATH\View\View.php(431): CodeIgniter\View\View->render('layoutsV2/head', null, true)
 3 APPPATH\Views\v2\product\base.php(3): CodeIgniter\View\View->include('layoutsV2/head')
 4 SYSTEMPATH\View\View.php(213): include('APPPATH\\Views\\v2\\product\\base.php')
 5 SYSTEMPATH\View\View.php(216): CodeIgniter\View\View->CodeIgniter\View\{closure}()
 6 SYSTEMPATH\View\View.php(229): CodeIgniter\View\View->render('v2/product/base', [], true)
 7 SYSTEMPATH\Common.php(1184): CodeIgniter\View\View->render('product/index', [], true)
 8 APPPATH\Controllers\Product.php(42): view('product/index', [...])
 9 SYSTEMPATH\CodeIgniter.php(934): App\Controllers\Product->index()
10 SYSTEMPATH\CodeIgniter.php(499): CodeIgniter\CodeIgniter->runController(Object(App\Controllers\Product))
11 SYSTEMPATH\CodeIgniter.php(368): CodeIgniter\CodeIgniter->handleRequest(null, Object(Config\Cache), false)
12 FCPATH\index.php(67): CodeIgniter\CodeIgniter->run()
13 SYSTEMPATH\Commands\Server\rewrite.php(47): require_once('FCPATH\\index.php')
CRITICAL - 2023-05-07 05:34:04 --> Invalid file: "layoutsV2/head.php"
in SYSTEMPATH\Exceptions\FrameworkException.php on line 33.
 1 SYSTEMPATH\View\View.php(201): CodeIgniter\Exceptions\FrameworkException::forInvalidFile('layoutsV2/head.php')
 2 SYSTEMPATH\View\View.php(431): CodeIgniter\View\View->render('layoutsV2/head', null, true)
 3 APPPATH\Views\v2\product\base.php(3): CodeIgniter\View\View->include('layoutsV2/head')
 4 SYSTEMPATH\View\View.php(213): include('APPPATH\\Views\\v2\\product\\base.php')
 5 SYSTEMPATH\View\View.php(216): CodeIgniter\View\View->CodeIgniter\View\{closure}()
 6 SYSTEMPATH\View\View.php(229): CodeIgniter\View\View->render('v2/product/base', [], true)
 7 SYSTEMPATH\Common.php(1184): CodeIgniter\View\View->render('product/index', [], true)
 8 APPPATH\Controllers\Product.php(42): view('product/index', [...])
 9 SYSTEMPATH\CodeIgniter.php(934): App\Controllers\Product->index()
10 SYSTEMPATH\CodeIgniter.php(499): CodeIgniter\CodeIgniter->runController(Object(App\Controllers\Product))
11 SYSTEMPATH\CodeIgniter.php(368): CodeIgniter\CodeIgniter->handleRequest(null, Object(Config\Cache), false)
12 FCPATH\index.php(67): CodeIgniter\CodeIgniter->run()
13 SYSTEMPATH\Commands\Server\rewrite.php(47): require_once('FCPATH\\index.php')
CRITICAL - 2023-05-07 05:34:05 --> Invalid file: "layoutsV2/head.php"
in SYSTEMPATH\Exceptions\FrameworkException.php on line 33.
 1 SYSTEMPATH\View\View.php(201): CodeIgniter\Exceptions\FrameworkException::forInvalidFile('layoutsV2/head.php')
 2 SYSTEMPATH\View\View.php(431): CodeIgniter\View\View->render('layoutsV2/head', null, true)
 3 APPPATH\Views\v2\product\base.php(3): CodeIgniter\View\View->include('layoutsV2/head')
 4 SYSTEMPATH\View\View.php(213): include('APPPATH\\Views\\v2\\product\\base.php')
 5 SYSTEMPATH\View\View.php(216): CodeIgniter\View\View->CodeIgniter\View\{closure}()
 6 SYSTEMPATH\View\View.php(229): CodeIgniter\View\View->render('v2/product/base', [], true)
 7 SYSTEMPATH\Common.php(1184): CodeIgniter\View\View->render('product/index', [], true)
 8 APPPATH\Controllers\Product.php(42): view('product/index', [...])
 9 SYSTEMPATH\CodeIgniter.php(934): App\Controllers\Product->index()
10 SYSTEMPATH\CodeIgniter.php(499): CodeIgniter\CodeIgniter->runController(Object(App\Controllers\Product))
11 SYSTEMPATH\CodeIgniter.php(368): CodeIgniter\CodeIgniter->handleRequest(null, Object(Config\Cache), false)
12 FCPATH\index.php(67): CodeIgniter\CodeIgniter->run()
13 SYSTEMPATH\Commands\Server\rewrite.php(47): require_once('FCPATH\\index.php')
CRITICAL - 2023-05-07 05:34:05 --> Invalid file: "layoutsV2/head.php"
in SYSTEMPATH\Exceptions\FrameworkException.php on line 33.
 1 SYSTEMPATH\View\View.php(201): CodeIgniter\Exceptions\FrameworkException::forInvalidFile('layoutsV2/head.php')
 2 SYSTEMPATH\View\View.php(431): CodeIgniter\View\View->render('layoutsV2/head', null, true)
 3 APPPATH\Views\v2\product\base.php(3): CodeIgniter\View\View->include('layoutsV2/head')
 4 SYSTEMPATH\View\View.php(213): include('APPPATH\\Views\\v2\\product\\base.php')
 5 SYSTEMPATH\View\View.php(216): CodeIgniter\View\View->CodeIgniter\View\{closure}()
 6 SYSTEMPATH\View\View.php(229): CodeIgniter\View\View->render('v2/product/base', [], true)
 7 SYSTEMPATH\Common.php(1184): CodeIgniter\View\View->render('product/index', [], true)
 8 APPPATH\Controllers\Product.php(42): view('product/index', [...])
 9 SYSTEMPATH\CodeIgniter.php(934): App\Controllers\Product->index()
10 SYSTEMPATH\CodeIgniter.php(499): CodeIgniter\CodeIgniter->runController(Object(App\Controllers\Product))
11 SYSTEMPATH\CodeIgniter.php(368): CodeIgniter\CodeIgniter->handleRequest(null, Object(Config\Cache), false)
12 FCPATH\index.php(67): CodeIgniter\CodeIgniter->run()
13 SYSTEMPATH\Commands\Server\rewrite.php(47): require_once('FCPATH\\index.php')
CRITICAL - 2023-05-07 05:34:05 --> Invalid file: "layoutsV2/head.php"
in SYSTEMPATH\Exceptions\FrameworkException.php on line 33.
 1 SYSTEMPATH\View\View.php(201): CodeIgniter\Exceptions\FrameworkException::forInvalidFile('layoutsV2/head.php')
 2 SYSTEMPATH\View\View.php(431): CodeIgniter\View\View->render('layoutsV2/head', null, true)
 3 APPPATH\Views\v2\product\base.php(3): CodeIgniter\View\View->include('layoutsV2/head')
 4 SYSTEMPATH\View\View.php(213): include('APPPATH\\Views\\v2\\product\\base.php')
 5 SYSTEMPATH\View\View.php(216): CodeIgniter\View\View->CodeIgniter\View\{closure}()
 6 SYSTEMPATH\View\View.php(229): CodeIgniter\View\View->render('v2/product/base', [], true)
 7 SYSTEMPATH\Common.php(1184): CodeIgniter\View\View->render('product/index', [], true)
 8 APPPATH\Controllers\Product.php(42): view('product/index', [...])
 9 SYSTEMPATH\CodeIgniter.php(934): App\Controllers\Product->index()
10 SYSTEMPATH\CodeIgniter.php(499): CodeIgniter\CodeIgniter->runController(Object(App\Controllers\Product))
11 SYSTEMPATH\CodeIgniter.php(368): CodeIgniter\CodeIgniter->handleRequest(null, Object(Config\Cache), false)
12 FCPATH\index.php(67): CodeIgniter\CodeIgniter->run()
13 SYSTEMPATH\Commands\Server\rewrite.php(47): require_once('FCPATH\\index.php')
CRITICAL - 2023-05-07 05:34:05 --> Invalid file: "layoutsV2/head.php"
in SYSTEMPATH\Exceptions\FrameworkException.php on line 33.
 1 SYSTEMPATH\View\View.php(201): CodeIgniter\Exceptions\FrameworkException::forInvalidFile('layoutsV2/head.php')
 2 SYSTEMPATH\View\View.php(431): CodeIgniter\View\View->render('layoutsV2/head', null, true)
 3 APPPATH\Views\v2\product\base.php(3): CodeIgniter\View\View->include('layoutsV2/head')
 4 SYSTEMPATH\View\View.php(213): include('APPPATH\\Views\\v2\\product\\base.php')
 5 SYSTEMPATH\View\View.php(216): CodeIgniter\View\View->CodeIgniter\View\{closure}()
 6 SYSTEMPATH\View\View.php(229): CodeIgniter\View\View->render('v2/product/base', [], true)
 7 SYSTEMPATH\Common.php(1184): CodeIgniter\View\View->render('product/index', [], true)
 8 APPPATH\Controllers\Product.php(42): view('product/index', [...])
 9 SYSTEMPATH\CodeIgniter.php(934): App\Controllers\Product->index()
10 SYSTEMPATH\CodeIgniter.php(499): CodeIgniter\CodeIgniter->runController(Object(App\Controllers\Product))
11 SYSTEMPATH\CodeIgniter.php(368): CodeIgniter\CodeIgniter->handleRequest(null, Object(Config\Cache), false)
12 FCPATH\index.php(67): CodeIgniter\CodeIgniter->run()
13 SYSTEMPATH\Commands\Server\rewrite.php(47): require_once('FCPATH\\index.php')
CRITICAL - 2023-05-07 05:37:40 --> Invalid file: "layoutsV2/head.php"
in SYSTEMPATH\Exceptions\FrameworkException.php on line 33.
 1 SYSTEMPATH\View\View.php(201): CodeIgniter\Exceptions\FrameworkException::forInvalidFile('layoutsV2/head.php')
 2 SYSTEMPATH\View\View.php(431): CodeIgniter\View\View->render('layoutsV2/head', null, true)
 3 APPPATH\Views\v2\product\base.php(3): CodeIgniter\View\View->include('layoutsV2/head')
 4 SYSTEMPATH\View\View.php(213): include('APPPATH\\Views\\v2\\product\\base.php')
 5 SYSTEMPATH\View\View.php(216): CodeIgniter\View\View->CodeIgniter\View\{closure}()
 6 SYSTEMPATH\View\View.php(229): CodeIgniter\View\View->render('v2/product/base', [], true)
 7 SYSTEMPATH\Common.php(1184): CodeIgniter\View\View->render('product/index', [], true)
 8 APPPATH\Controllers\Product.php(42): view('product/index', [...])
 9 SYSTEMPATH\CodeIgniter.php(934): App\Controllers\Product->index()
10 SYSTEMPATH\CodeIgniter.php(499): CodeIgniter\CodeIgniter->runController(Object(App\Controllers\Product))
11 SYSTEMPATH\CodeIgniter.php(368): CodeIgniter\CodeIgniter->handleRequest(null, Object(Config\Cache), false)
12 FCPATH\index.php(67): CodeIgniter\CodeIgniter->run()
13 SYSTEMPATH\Commands\Server\rewrite.php(47): require_once('FCPATH\\index.php')
CRITICAL - 2023-05-07 05:48:02 --> Invalid file: "layoutsV2/head.php"
in SYSTEMPATH\Exceptions\FrameworkException.php on line 33.
 1 SYSTEMPATH\View\View.php(201): CodeIgniter\Exceptions\FrameworkException::forInvalidFile('layoutsV2/head.php')
 2 SYSTEMPATH\View\View.php(431): CodeIgniter\View\View->render('layoutsV2/head', null, true)
 3 APPPATH\Views\v2\product\base.php(3): CodeIgniter\View\View->include('layoutsV2/head')
 4 SYSTEMPATH\View\View.php(213): include('APPPATH\\Views\\v2\\product\\base.php')
 5 SYSTEMPATH\View\View.php(216): CodeIgniter\View\View->CodeIgniter\View\{closure}()
 6 SYSTEMPATH\View\View.php(229): CodeIgniter\View\View->render('v2/product/base', [], true)
 7 SYSTEMPATH\Common.php(1184): CodeIgniter\View\View->render('product/index', [], true)
 8 APPPATH\Controllers\Product.php(42): view('product/index', [...])
 9 SYSTEMPATH\CodeIgniter.php(934): App\Controllers\Product->index()
10 SYSTEMPATH\CodeIgniter.php(499): CodeIgniter\CodeIgniter->runController(Object(App\Controllers\Product))
11 SYSTEMPATH\CodeIgniter.php(368): CodeIgniter\CodeIgniter->handleRequest(null, Object(Config\Cache), false)
12 FCPATH\index.php(67): CodeIgniter\CodeIgniter->run()
13 SYSTEMPATH\Commands\Server\rewrite.php(47): require_once('FCPATH\\index.php')
CRITICAL - 2023-05-07 05:48:28 --> Invalid file: "layoutsV2/head.php"
in SYSTEMPATH\Exceptions\FrameworkException.php on line 33.
 1 SYSTEMPATH\View\View.php(201): CodeIgniter\Exceptions\FrameworkException::forInvalidFile('layoutsV2/head.php')
 2 SYSTEMPATH\View\View.php(431): CodeIgniter\View\View->render('layoutsV2/head', null, true)
 3 APPPATH\Views\v2\product\base.php(3): CodeIgniter\View\View->include('layoutsV2/head')
 4 SYSTEMPATH\View\View.php(213): include('APPPATH\\Views\\v2\\product\\base.php')
 5 SYSTEMPATH\View\View.php(216): CodeIgniter\View\View->CodeIgniter\View\{closure}()
 6 SYSTEMPATH\View\View.php(229): CodeIgniter\View\View->render('v2/product/base', [], true)
 7 SYSTEMPATH\Common.php(1184): CodeIgniter\View\View->render('product/index', [], true)
 8 APPPATH\Controllers\Product.php(42): view('product/index', [...])
 9 SYSTEMPATH\CodeIgniter.php(934): App\Controllers\Product->index()
10 SYSTEMPATH\CodeIgniter.php(499): CodeIgniter\CodeIgniter->runController(Object(App\Controllers\Product))
11 SYSTEMPATH\CodeIgniter.php(368): CodeIgniter\CodeIgniter->handleRequest(null, Object(Config\Cache), false)
12 FCPATH\index.php(67): CodeIgniter\CodeIgniter->run()
13 SYSTEMPATH\Commands\Server\rewrite.php(47): require_once('FCPATH\\index.php')
CRITICAL - 2023-05-07 05:51:08 --> Invalid file: "layoutsV2/head.php"
in SYSTEMPATH\Exceptions\FrameworkException.php on line 33.
 1 SYSTEMPATH\View\View.php(201): CodeIgniter\Exceptions\FrameworkException::forInvalidFile('layoutsV2/head.php')
 2 SYSTEMPATH\View\View.php(431): CodeIgniter\View\View->render('layoutsV2/head', null, true)
 3 APPPATH\Views\v2\product\base.php(3): CodeIgniter\View\View->include('layoutsV2/head')
 4 SYSTEMPATH\View\View.php(213): include('APPPATH\\Views\\v2\\product\\base.php')
 5 SYSTEMPATH\View\View.php(216): CodeIgniter\View\View->CodeIgniter\View\{closure}()
 6 SYSTEMPATH\View\View.php(229): CodeIgniter\View\View->render('v2/product/base', [], true)
 7 SYSTEMPATH\Common.php(1184): CodeIgniter\View\View->render('product/index', [], true)
 8 APPPATH\Controllers\Product.php(42): view('product/index', [...])
 9 SYSTEMPATH\CodeIgniter.php(934): App\Controllers\Product->index()
10 SYSTEMPATH\CodeIgniter.php(499): CodeIgniter\CodeIgniter->runController(Object(App\Controllers\Product))
11 SYSTEMPATH\CodeIgniter.php(368): CodeIgniter\CodeIgniter->handleRequest(null, Object(Config\Cache), false)
12 FCPATH\index.php(67): CodeIgniter\CodeIgniter->run()
13 SYSTEMPATH\Commands\Server\rewrite.php(47): require_once('FCPATH\\index.php')
CRITICAL - 2023-05-07 05:51:09 --> Invalid file: "layoutsV2/head.php"
in SYSTEMPATH\Exceptions\FrameworkException.php on line 33.
 1 SYSTEMPATH\View\View.php(201): CodeIgniter\Exceptions\FrameworkException::forInvalidFile('layoutsV2/head.php')
 2 SYSTEMPATH\View\View.php(431): CodeIgniter\View\View->render('layoutsV2/head', null, true)
 3 APPPATH\Views\v2\product\base.php(3): CodeIgniter\View\View->include('layoutsV2/head')
 4 SYSTEMPATH\View\View.php(213): include('APPPATH\\Views\\v2\\product\\base.php')
 5 SYSTEMPATH\View\View.php(216): CodeIgniter\View\View->CodeIgniter\View\{closure}()
 6 SYSTEMPATH\View\View.php(229): CodeIgniter\View\View->render('v2/product/base', [], true)
 7 SYSTEMPATH\Common.php(1184): CodeIgniter\View\View->render('product/index', [], true)
 8 APPPATH\Controllers\Product.php(42): view('product/index', [...])
 9 SYSTEMPATH\CodeIgniter.php(934): App\Controllers\Product->index()
10 SYSTEMPATH\CodeIgniter.php(499): CodeIgniter\CodeIgniter->runController(Object(App\Controllers\Product))
11 SYSTEMPATH\CodeIgniter.php(368): CodeIgniter\CodeIgniter->handleRequest(null, Object(Config\Cache), false)
12 FCPATH\index.php(67): CodeIgniter\CodeIgniter->run()
13 SYSTEMPATH\Commands\Server\rewrite.php(47): require_once('FCPATH\\index.php')
CRITICAL - 2023-05-07 05:51:09 --> Invalid file: "layoutsV2/head.php"
in SYSTEMPATH\Exceptions\FrameworkException.php on line 33.
 1 SYSTEMPATH\View\View.php(201): CodeIgniter\Exceptions\FrameworkException::forInvalidFile('layoutsV2/head.php')
 2 SYSTEMPATH\View\View.php(431): CodeIgniter\View\View->render('layoutsV2/head', null, true)
 3 APPPATH\Views\v2\product\base.php(3): CodeIgniter\View\View->include('layoutsV2/head')
 4 SYSTEMPATH\View\View.php(213): include('APPPATH\\Views\\v2\\product\\base.php')
 5 SYSTEMPATH\View\View.php(216): CodeIgniter\View\View->CodeIgniter\View\{closure}()
 6 SYSTEMPATH\View\View.php(229): CodeIgniter\View\View->render('v2/product/base', [], true)
 7 SYSTEMPATH\Common.php(1184): CodeIgniter\View\View->render('product/index', [], true)
 8 APPPATH\Controllers\Product.php(42): view('product/index', [...])
 9 SYSTEMPATH\CodeIgniter.php(934): App\Controllers\Product->index()
10 SYSTEMPATH\CodeIgniter.php(499): CodeIgniter\CodeIgniter->runController(Object(App\Controllers\Product))
11 SYSTEMPATH\CodeIgniter.php(368): CodeIgniter\CodeIgniter->handleRequest(null, Object(Config\Cache), false)
12 FCPATH\index.php(67): CodeIgniter\CodeIgniter->run()
13 SYSTEMPATH\Commands\Server\rewrite.php(47): require_once('FCPATH\\index.php')
CRITICAL - 2023-05-07 05:51:10 --> Invalid file: "layoutsV2/head.php"
in SYSTEMPATH\Exceptions\FrameworkException.php on line 33.
 1 SYSTEMPATH\View\View.php(201): CodeIgniter\Exceptions\FrameworkException::forInvalidFile('layoutsV2/head.php')
 2 SYSTEMPATH\View\View.php(431): CodeIgniter\View\View->render('layoutsV2/head', null, true)
 3 APPPATH\Views\v2\product\base.php(3): CodeIgniter\View\View->include('layoutsV2/head')
 4 SYSTEMPATH\View\View.php(213): include('APPPATH\\Views\\v2\\product\\base.php')
 5 SYSTEMPATH\View\View.php(216): CodeIgniter\View\View->CodeIgniter\View\{closure}()
 6 SYSTEMPATH\View\View.php(229): CodeIgniter\View\View->render('v2/product/base', [], true)
 7 SYSTEMPATH\Common.php(1184): CodeIgniter\View\View->render('product/index', [], true)
 8 APPPATH\Controllers\Product.php(42): view('product/index', [...])
 9 SYSTEMPATH\CodeIgniter.php(934): App\Controllers\Product->index()
10 SYSTEMPATH\CodeIgniter.php(499): CodeIgniter\CodeIgniter->runController(Object(App\Controllers\Product))
11 SYSTEMPATH\CodeIgniter.php(368): CodeIgniter\CodeIgniter->handleRequest(null, Object(Config\Cache), false)
12 FCPATH\index.php(67): CodeIgniter\CodeIgniter->run()
13 SYSTEMPATH\Commands\Server\rewrite.php(47): require_once('FCPATH\\index.php')
CRITICAL - 2023-05-07 05:51:38 --> Invalid file: "layoutsV2/head.php"
in SYSTEMPATH\Exceptions\FrameworkException.php on line 33.
 1 SYSTEMPATH\View\View.php(201): CodeIgniter\Exceptions\FrameworkException::forInvalidFile('layoutsV2/head.php')
 2 SYSTEMPATH\View\View.php(431): CodeIgniter\View\View->render('layoutsV2/head', null, true)
 3 APPPATH\Views\v2\product\base.php(3): CodeIgniter\View\View->include('layoutsV2/head')
 4 SYSTEMPATH\View\View.php(213): include('APPPATH\\Views\\v2\\product\\base.php')
 5 SYSTEMPATH\View\View.php(216): CodeIgniter\View\View->CodeIgniter\View\{closure}()
 6 SYSTEMPATH\View\View.php(229): CodeIgniter\View\View->render('v2/product/base', [], true)
 7 SYSTEMPATH\Common.php(1184): CodeIgniter\View\View->render('product/index', [], true)
 8 APPPATH\Controllers\Product.php(42): view('product/index', [...])
 9 SYSTEMPATH\CodeIgniter.php(934): App\Controllers\Product->index()
10 SYSTEMPATH\CodeIgniter.php(499): CodeIgniter\CodeIgniter->runController(Object(App\Controllers\Product))
11 SYSTEMPATH\CodeIgniter.php(368): CodeIgniter\CodeIgniter->handleRequest(null, Object(Config\Cache), false)
12 FCPATH\index.php(67): CodeIgniter\CodeIgniter->run()
13 SYSTEMPATH\Commands\Server\rewrite.php(47): require_once('FCPATH\\index.php')
CRITICAL - 2023-05-07 06:01:29 --> Invalid file: "layoutsV2/head.php"
in SYSTEMPATH\Exceptions\FrameworkException.php on line 33.
 1 SYSTEMPATH\View\View.php(201): CodeIgniter\Exceptions\FrameworkException::forInvalidFile('layoutsV2/head.php')
 2 SYSTEMPATH\View\View.php(431): CodeIgniter\View\View->render('layoutsV2/head', null, true)
 3 APPPATH\Views\v2\product\base.php(3): CodeIgniter\View\View->include('layoutsV2/head')
 4 SYSTEMPATH\View\View.php(213): include('APPPATH\\Views\\v2\\product\\base.php')
 5 SYSTEMPATH\View\View.php(216): CodeIgniter\View\View->CodeIgniter\View\{closure}()
 6 SYSTEMPATH\View\View.php(229): CodeIgniter\View\View->render('v2/product/base', [], true)
 7 SYSTEMPATH\Common.php(1184): CodeIgniter\View\View->render('product/index', [], true)
 8 APPPATH\Controllers\Product.php(42): view('product/index', [...])
 9 SYSTEMPATH\CodeIgniter.php(934): App\Controllers\Product->index()
10 SYSTEMPATH\CodeIgniter.php(499): CodeIgniter\CodeIgniter->runController(Object(App\Controllers\Product))
11 SYSTEMPATH\CodeIgniter.php(368): CodeIgniter\CodeIgniter->handleRequest(null, Object(Config\Cache), false)
12 FCPATH\index.php(67): CodeIgniter\CodeIgniter->run()
13 SYSTEMPATH\Commands\Server\rewrite.php(47): require_once('FCPATH\\index.php')
CRITICAL - 2023-05-07 06:01:30 --> Invalid file: "layoutsV2/head.php"
in SYSTEMPATH\Exceptions\FrameworkException.php on line 33.
 1 SYSTEMPATH\View\View.php(201): CodeIgniter\Exceptions\FrameworkException::forInvalidFile('layoutsV2/head.php')
 2 SYSTEMPATH\View\View.php(431): CodeIgniter\View\View->render('layoutsV2/head', null, true)
 3 APPPATH\Views\v2\product\base.php(3): CodeIgniter\View\View->include('layoutsV2/head')
 4 SYSTEMPATH\View\View.php(213): include('APPPATH\\Views\\v2\\product\\base.php')
 5 SYSTEMPATH\View\View.php(216): CodeIgniter\View\View->CodeIgniter\View\{closure}()
 6 SYSTEMPATH\View\View.php(229): CodeIgniter\View\View->render('v2/product/base', [], true)
 7 SYSTEMPATH\Common.php(1184): CodeIgniter\View\View->render('product/index', [], true)
 8 APPPATH\Controllers\Product.php(42): view('product/index', [...])
 9 SYSTEMPATH\CodeIgniter.php(934): App\Controllers\Product->index()
10 SYSTEMPATH\CodeIgniter.php(499): CodeIgniter\CodeIgniter->runController(Object(App\Controllers\Product))
11 SYSTEMPATH\CodeIgniter.php(368): CodeIgniter\CodeIgniter->handleRequest(null, Object(Config\Cache), false)
12 FCPATH\index.php(67): CodeIgniter\CodeIgniter->run()
13 SYSTEMPATH\Commands\Server\rewrite.php(47): require_once('FCPATH\\index.php')
CRITICAL - 2023-05-07 06:01:31 --> Invalid file: "layoutsV2/head.php"
in SYSTEMPATH\Exceptions\FrameworkException.php on line 33.
 1 SYSTEMPATH\View\View.php(201): CodeIgniter\Exceptions\FrameworkException::forInvalidFile('layoutsV2/head.php')
 2 SYSTEMPATH\View\View.php(431): CodeIgniter\View\View->render('layoutsV2/head', null, true)
 3 APPPATH\Views\v2\product\base.php(3): CodeIgniter\View\View->include('layoutsV2/head')
 4 SYSTEMPATH\View\View.php(213): include('APPPATH\\Views\\v2\\product\\base.php')
 5 SYSTEMPATH\View\View.php(216): CodeIgniter\View\View->CodeIgniter\View\{closure}()
 6 SYSTEMPATH\View\View.php(229): CodeIgniter\View\View->render('v2/product/base', [], true)
 7 SYSTEMPATH\Common.php(1184): CodeIgniter\View\View->render('product/index', [], true)
 8 APPPATH\Controllers\Product.php(42): view('product/index', [...])
 9 SYSTEMPATH\CodeIgniter.php(934): App\Controllers\Product->index()
10 SYSTEMPATH\CodeIgniter.php(499): CodeIgniter\CodeIgniter->runController(Object(App\Controllers\Product))
11 SYSTEMPATH\CodeIgniter.php(368): CodeIgniter\CodeIgniter->handleRequest(null, Object(Config\Cache), false)
12 FCPATH\index.php(67): CodeIgniter\CodeIgniter->run()
13 SYSTEMPATH\Commands\Server\rewrite.php(47): require_once('FCPATH\\index.php')
CRITICAL - 2023-05-07 06:01:31 --> Invalid file: "layoutsV2/head.php"
in SYSTEMPATH\Exceptions\FrameworkException.php on line 33.
 1 SYSTEMPATH\View\View.php(201): CodeIgniter\Exceptions\FrameworkException::forInvalidFile('layoutsV2/head.php')
 2 SYSTEMPATH\View\View.php(431): CodeIgniter\View\View->render('layoutsV2/head', null, true)
 3 APPPATH\Views\v2\product\base.php(3): CodeIgniter\View\View->include('layoutsV2/head')
 4 SYSTEMPATH\View\View.php(213): include('APPPATH\\Views\\v2\\product\\base.php')
 5 SYSTEMPATH\View\View.php(216): CodeIgniter\View\View->CodeIgniter\View\{closure}()
 6 SYSTEMPATH\View\View.php(229): CodeIgniter\View\View->render('v2/product/base', [], true)
 7 SYSTEMPATH\Common.php(1184): CodeIgniter\View\View->render('product/index', [], true)
 8 APPPATH\Controllers\Product.php(42): view('product/index', [...])
 9 SYSTEMPATH\CodeIgniter.php(934): App\Controllers\Product->index()
10 SYSTEMPATH\CodeIgniter.php(499): CodeIgniter\CodeIgniter->runController(Object(App\Controllers\Product))
11 SYSTEMPATH\CodeIgniter.php(368): CodeIgniter\CodeIgniter->handleRequest(null, Object(Config\Cache), false)
12 FCPATH\index.php(67): CodeIgniter\CodeIgniter->run()
13 SYSTEMPATH\Commands\Server\rewrite.php(47): require_once('FCPATH\\index.php')
CRITICAL - 2023-05-07 06:01:31 --> Invalid file: "layoutsV2/head.php"
in SYSTEMPATH\Exceptions\FrameworkException.php on line 33.
 1 SYSTEMPATH\View\View.php(201): CodeIgniter\Exceptions\FrameworkException::forInvalidFile('layoutsV2/head.php')
 2 SYSTEMPATH\View\View.php(431): CodeIgniter\View\View->render('layoutsV2/head', null, true)
 3 APPPATH\Views\v2\product\base.php(3): CodeIgniter\View\View->include('layoutsV2/head')
 4 SYSTEMPATH\View\View.php(213): include('APPPATH\\Views\\v2\\product\\base.php')
 5 SYSTEMPATH\View\View.php(216): CodeIgniter\View\View->CodeIgniter\View\{closure}()
 6 SYSTEMPATH\View\View.php(229): CodeIgniter\View\View->render('v2/product/base', [], true)
 7 SYSTEMPATH\Common.php(1184): CodeIgniter\View\View->render('product/index', [], true)
 8 APPPATH\Controllers\Product.php(42): view('product/index', [...])
 9 SYSTEMPATH\CodeIgniter.php(934): App\Controllers\Product->index()
10 SYSTEMPATH\CodeIgniter.php(499): CodeIgniter\CodeIgniter->runController(Object(App\Controllers\Product))
11 SYSTEMPATH\CodeIgniter.php(368): CodeIgniter\CodeIgniter->handleRequest(null, Object(Config\Cache), false)
12 FCPATH\index.php(67): CodeIgniter\CodeIgniter->run()
13 SYSTEMPATH\Commands\Server\rewrite.php(47): require_once('FCPATH\\index.php')
CRITICAL - 2023-05-07 06:14:00 --> Invalid file: "layoutsV2/head.php"
in SYSTEMPATH\Exceptions\FrameworkException.php on line 33.
 1 SYSTEMPATH\View\View.php(201): CodeIgniter\Exceptions\FrameworkException::forInvalidFile('layoutsV2/head.php')
 2 SYSTEMPATH\View\View.php(431): CodeIgniter\View\View->render('layoutsV2/head', null, true)
 3 APPPATH\Views\v2\product\base.php(3): CodeIgniter\View\View->include('layoutsV2/head')
 4 SYSTEMPATH\View\View.php(213): include('APPPATH\\Views\\v2\\product\\base.php')
 5 SYSTEMPATH\View\View.php(216): CodeIgniter\View\View->CodeIgniter\View\{closure}()
 6 SYSTEMPATH\View\View.php(229): CodeIgniter\View\View->render('v2/product/base', [], true)
 7 SYSTEMPATH\Common.php(1184): CodeIgniter\View\View->render('product/index', [], true)
 8 APPPATH\Controllers\Product.php(42): view('product/index', [...])
 9 SYSTEMPATH\CodeIgniter.php(934): App\Controllers\Product->index()
10 SYSTEMPATH\CodeIgniter.php(499): CodeIgniter\CodeIgniter->runController(Object(App\Controllers\Product))
11 SYSTEMPATH\CodeIgniter.php(368): CodeIgniter\CodeIgniter->handleRequest(null, Object(Config\Cache), false)
12 FCPATH\index.php(67): CodeIgniter\CodeIgniter->run()
13 SYSTEMPATH\Commands\Server\rewrite.php(47): require_once('FCPATH\\index.php')
CRITICAL - 2023-05-07 06:29:21 --> Invalid file: "layouts/v2/header.php"
in SYSTEMPATH\Exceptions\FrameworkException.php on line 33.
 1 SYSTEMPATH\View\View.php(201): CodeIgniter\Exceptions\FrameworkException::forInvalidFile('layouts/v2/header.php')
 2 SYSTEMPATH\View\View.php(431): CodeIgniter\View\View->render('layouts/v2/header', null, true)
 3 APPPATH\Views\v2\product\base.php(31): CodeIgniter\View\View->include('layouts/v2/header')
 4 SYSTEMPATH\View\View.php(213): include('APPPATH\\Views\\v2\\product\\base.php')
 5 SYSTEMPATH\View\View.php(216): CodeIgniter\View\View->CodeIgniter\View\{closure}()
 6 SYSTEMPATH\View\View.php(229): CodeIgniter\View\View->render('v2/product/base', [], true)
 7 SYSTEMPATH\Common.php(1184): CodeIgniter\View\View->render('product/index', [], true)
 8 APPPATH\Controllers\Product.php(42): view('product/index', [...])
 9 SYSTEMPATH\CodeIgniter.php(934): App\Controllers\Product->index()
10 SYSTEMPATH\CodeIgniter.php(499): CodeIgniter\CodeIgniter->runController(Object(App\Controllers\Product))
11 SYSTEMPATH\CodeIgniter.php(368): CodeIgniter\CodeIgniter->handleRequest(null, Object(Config\Cache), false)
12 FCPATH\index.php(67): CodeIgniter\CodeIgniter->run()
13 SYSTEMPATH\Commands\Server\rewrite.php(47): require_once('FCPATH\\index.php')
CRITICAL - 2023-05-07 06:29:33 --> Invalid file: "layouts/v2/header.php"
in SYSTEMPATH\Exceptions\FrameworkException.php on line 33.
 1 SYSTEMPATH\View\View.php(201): CodeIgniter\Exceptions\FrameworkException::forInvalidFile('layouts/v2/header.php')
 2 SYSTEMPATH\View\View.php(431): CodeIgniter\View\View->render('layouts/v2/header', null, true)
 3 APPPATH\Views\v2\product\base.php(31): CodeIgniter\View\View->include('layouts/v2/header')
 4 SYSTEMPATH\View\View.php(213): include('APPPATH\\Views\\v2\\product\\base.php')
 5 SYSTEMPATH\View\View.php(216): CodeIgniter\View\View->CodeIgniter\View\{closure}()
 6 SYSTEMPATH\View\View.php(229): CodeIgniter\View\View->render('v2/product/base', [], true)
 7 SYSTEMPATH\Common.php(1184): CodeIgniter\View\View->render('product/index', [], true)
 8 APPPATH\Controllers\Product.php(42): view('product/index', [...])
 9 SYSTEMPATH\CodeIgniter.php(934): App\Controllers\Product->index()
10 SYSTEMPATH\CodeIgniter.php(499): CodeIgniter\CodeIgniter->runController(Object(App\Controllers\Product))
11 SYSTEMPATH\CodeIgniter.php(368): CodeIgniter\CodeIgniter->handleRequest(null, Object(Config\Cache), false)
12 FCPATH\index.php(67): CodeIgniter\CodeIgniter->run()
13 SYSTEMPATH\Commands\Server\rewrite.php(47): require_once('FCPATH\\index.php')
CRITICAL - 2023-05-07 06:41:01 --> Invalid file: "layouts/v2/head.php"
in SYSTEMPATH\Exceptions\FrameworkException.php on line 33.
 1 SYSTEMPATH\View\View.php(201): CodeIgniter\Exceptions\FrameworkException::forInvalidFile('layouts/v2/head.php')
 2 SYSTEMPATH\View\View.php(431): CodeIgniter\View\View->render('layouts/v2/head', null, true)
 3 APPPATH\Views\v2\product\base.php(3): CodeIgniter\View\View->include('layouts/v2/head')
 4 SYSTEMPATH\View\View.php(213): include('APPPATH\\Views\\v2\\product\\base.php')
 5 SYSTEMPATH\View\View.php(216): CodeIgniter\View\View->CodeIgniter\View\{closure}()
 6 SYSTEMPATH\View\View.php(229): CodeIgniter\View\View->render('v2/product/base', [], true)
 7 SYSTEMPATH\Common.php(1184): CodeIgniter\View\View->render('product/index', [], true)
 8 APPPATH\Controllers\Product.php(42): view('product/index', [...])
 9 SYSTEMPATH\CodeIgniter.php(934): App\Controllers\Product->index()
10 SYSTEMPATH\CodeIgniter.php(499): CodeIgniter\CodeIgniter->runController(Object(App\Controllers\Product))
11 SYSTEMPATH\CodeIgniter.php(368): CodeIgniter\CodeIgniter->handleRequest(null, Object(Config\Cache), false)
12 FCPATH\index.php(67): CodeIgniter\CodeIgniter->run()
13 SYSTEMPATH\Commands\Server\rewrite.php(47): require_once('FCPATH\\index.php')
CRITICAL - 2023-05-07 06:42:46 --> Invalid file: "layouts/v2/header.php"
in SYSTEMPATH\Exceptions\FrameworkException.php on line 33.
 1 SYSTEMPATH\View\View.php(201): CodeIgniter\Exceptions\FrameworkException::forInvalidFile('layouts/v2/header.php')
 2 SYSTEMPATH\View\View.php(431): CodeIgniter\View\View->render('layouts/v2/header', null, true)
 3 APPPATH\Views\v2\product\base.php(31): CodeIgniter\View\View->include('layouts/v2/header')
 4 SYSTEMPATH\View\View.php(213): include('APPPATH\\Views\\v2\\product\\base.php')
 5 SYSTEMPATH\View\View.php(216): CodeIgniter\View\View->CodeIgniter\View\{closure}()
 6 SYSTEMPATH\View\View.php(229): CodeIgniter\View\View->render('v2/product/base', [], true)
 7 SYSTEMPATH\Common.php(1184): CodeIgniter\View\View->render('product/index', [], true)
 8 APPPATH\Controllers\Product.php(42): view('product/index', [...])
 9 SYSTEMPATH\CodeIgniter.php(934): App\Controllers\Product->index()
10 SYSTEMPATH\CodeIgniter.php(499): CodeIgniter\CodeIgniter->runController(Object(App\Controllers\Product))
11 SYSTEMPATH\CodeIgniter.php(368): CodeIgniter\CodeIgniter->handleRequest(null, Object(Config\Cache), false)
12 FCPATH\index.php(67): CodeIgniter\CodeIgniter->run()
13 SYSTEMPATH\Commands\Server\rewrite.php(47): require_once('FCPATH\\index.php')
CRITICAL - 2023-05-07 06:42:48 --> Invalid file: "layouts/v2/header.php"
in SYSTEMPATH\Exceptions\FrameworkException.php on line 33.
 1 SYSTEMPATH\View\View.php(201): CodeIgniter\Exceptions\FrameworkException::forInvalidFile('layouts/v2/header.php')
 2 SYSTEMPATH\View\View.php(431): CodeIgniter\View\View->render('layouts/v2/header', null, true)
 3 APPPATH\Views\v2\product\base.php(31): CodeIgniter\View\View->include('layouts/v2/header')
 4 SYSTEMPATH\View\View.php(213): include('APPPATH\\Views\\v2\\product\\base.php')
 5 SYSTEMPATH\View\View.php(216): CodeIgniter\View\View->CodeIgniter\View\{closure}()
 6 SYSTEMPATH\View\View.php(229): CodeIgniter\View\View->render('v2/product/base', [], true)
 7 SYSTEMPATH\Common.php(1184): CodeIgniter\View\View->render('product/index', [], true)
 8 APPPATH\Controllers\Product.php(42): view('product/index', [...])
 9 SYSTEMPATH\CodeIgniter.php(934): App\Controllers\Product->index()
10 SYSTEMPATH\CodeIgniter.php(499): CodeIgniter\CodeIgniter->runController(Object(App\Controllers\Product))
11 SYSTEMPATH\CodeIgniter.php(368): CodeIgniter\CodeIgniter->handleRequest(null, Object(Config\Cache), false)
12 FCPATH\index.php(67): CodeIgniter\CodeIgniter->run()
13 SYSTEMPATH\Commands\Server\rewrite.php(47): require_once('FCPATH\\index.php')
CRITICAL - 2023-05-07 06:42:49 --> Invalid file: "layouts/v2/header.php"
in SYSTEMPATH\Exceptions\FrameworkException.php on line 33.
 1 SYSTEMPATH\View\View.php(201): CodeIgniter\Exceptions\FrameworkException::forInvalidFile('layouts/v2/header.php')
 2 SYSTEMPATH\View\View.php(431): CodeIgniter\View\View->render('layouts/v2/header', null, true)
 3 APPPATH\Views\v2\product\base.php(31): CodeIgniter\View\View->include('layouts/v2/header')
 4 SYSTEMPATH\View\View.php(213): include('APPPATH\\Views\\v2\\product\\base.php')
 5 SYSTEMPATH\View\View.php(216): CodeIgniter\View\View->CodeIgniter\View\{closure}()
 6 SYSTEMPATH\View\View.php(229): CodeIgniter\View\View->render('v2/product/base', [], true)
 7 SYSTEMPATH\Common.php(1184): CodeIgniter\View\View->render('product/index', [], true)
 8 APPPATH\Controllers\Product.php(42): view('product/index', [...])
 9 SYSTEMPATH\CodeIgniter.php(934): App\Controllers\Product->index()
10 SYSTEMPATH\CodeIgniter.php(499): CodeIgniter\CodeIgniter->runController(Object(App\Controllers\Product))
11 SYSTEMPATH\CodeIgniter.php(368): CodeIgniter\CodeIgniter->handleRequest(null, Object(Config\Cache), false)
12 FCPATH\index.php(67): CodeIgniter\CodeIgniter->run()
13 SYSTEMPATH\Commands\Server\rewrite.php(47): require_once('FCPATH\\index.php')
CRITICAL - 2023-05-07 06:42:50 --> Invalid file: "layouts/v2/header.php"
in SYSTEMPATH\Exceptions\FrameworkException.php on line 33.
 1 SYSTEMPATH\View\View.php(201): CodeIgniter\Exceptions\FrameworkException::forInvalidFile('layouts/v2/header.php')
 2 SYSTEMPATH\View\View.php(431): CodeIgniter\View\View->render('layouts/v2/header', null, true)
 3 APPPATH\Views\v2\product\base.php(31): CodeIgniter\View\View->include('layouts/v2/header')
 4 SYSTEMPATH\View\View.php(213): include('APPPATH\\Views\\v2\\product\\base.php')
 5 SYSTEMPATH\View\View.php(216): CodeIgniter\View\View->CodeIgniter\View\{closure}()
 6 SYSTEMPATH\View\View.php(229): CodeIgniter\View\View->render('v2/product/base', [], true)
 7 SYSTEMPATH\Common.php(1184): CodeIgniter\View\View->render('product/index', [], true)
 8 APPPATH\Controllers\Product.php(42): view('product/index', [...])
 9 SYSTEMPATH\CodeIgniter.php(934): App\Controllers\Product->index()
10 SYSTEMPATH\CodeIgniter.php(499): CodeIgniter\CodeIgniter->runController(Object(App\Controllers\Product))
11 SYSTEMPATH\CodeIgniter.php(368): CodeIgniter\CodeIgniter->handleRequest(null, Object(Config\Cache), false)
12 FCPATH\index.php(67): CodeIgniter\CodeIgniter->run()
13 SYSTEMPATH\Commands\Server\rewrite.php(47): require_once('FCPATH\\index.php')
