CRITICAL - 2023-05-09 03:50:43 --> Undefined property: App\Controllers\Product::$productModel
in APPPATH\Controllers\Product.php on line 38.
 1 APPPATH\Controllers\Product.php(38): CodeIgniter\Debug\Exceptions->errorHandler(2, 'Undefined property: App\\Controllers\\Product::$productModel', 'APPPATH\\Controllers\\Product.php', 38)
 2 SYSTEMPATH\CodeIgniter.php(934): App\Controllers\Product->index()
 3 SYSTEMPATH\CodeIgniter.php(499): CodeIgniter\CodeIgniter->runController(Object(App\Controllers\Product))
 4 SYSTEMPATH\CodeIgniter.php(368): CodeIgniter\CodeIgniter->handleRequest(null, Object(Config\Cache), false)
 5 FCPATH\index.php(67): CodeIgniter\CodeIgniter->run()
 6 SYSTEMPATH\Commands\Server\rewrite.php(47): require_once('FCPATH\\index.php')
CRITICAL - 2023-05-09 03:51:13 --> Undefined property: App\Controllers\Product::$productModel
in APPPATH\Controllers\Product.php on line 38.
 1 APPPATH\Controllers\Product.php(38): CodeIgniter\Debug\Exceptions->errorHandler(2, 'Undefined property: App\\Controllers\\Product::$productModel', 'APPPATH\\Controllers\\Product.php', 38)
 2 SYSTEMPATH\CodeIgniter.php(934): App\Controllers\Product->index()
 3 SYSTEMPATH\CodeIgniter.php(499): CodeIgniter\CodeIgniter->runController(Object(App\Controllers\Product))
 4 SYSTEMPATH\CodeIgniter.php(368): CodeIgniter\CodeIgniter->handleRequest(null, Object(Config\Cache), false)
 5 FCPATH\index.php(67): CodeIgniter\CodeIgniter->run()
 6 SYSTEMPATH\Commands\Server\rewrite.php(47): require_once('FCPATH\\index.php')
CRITICAL - 2023-05-09 03:51:15 --> Undefined property: App\Controllers\Product::$productModel
in APPPATH\Controllers\Product.php on line 38.
 1 APPPATH\Controllers\Product.php(38): CodeIgniter\Debug\Exceptions->errorHandler(2, 'Undefined property: App\\Controllers\\Product::$productModel', 'APPPATH\\Controllers\\Product.php', 38)
 2 SYSTEMPATH\CodeIgniter.php(934): App\Controllers\Product->index()
 3 SYSTEMPATH\CodeIgniter.php(499): CodeIgniter\CodeIgniter->runController(Object(App\Controllers\Product))
 4 SYSTEMPATH\CodeIgniter.php(368): CodeIgniter\CodeIgniter->handleRequest(null, Object(Config\Cache), false)
 5 FCPATH\index.php(67): CodeIgniter\CodeIgniter->run()
 6 SYSTEMPATH\Commands\Server\rewrite.php(47): require_once('FCPATH\\index.php')
CRITICAL - 2023-05-09 03:51:15 --> Undefined property: App\Controllers\Product::$productModel
in APPPATH\Controllers\Product.php on line 38.
 1 APPPATH\Controllers\Product.php(38): CodeIgniter\Debug\Exceptions->errorHandler(2, 'Undefined property: App\\Controllers\\Product::$productModel', 'APPPATH\\Controllers\\Product.php', 38)
 2 SYSTEMPATH\CodeIgniter.php(934): App\Controllers\Product->index()
 3 SYSTEMPATH\CodeIgniter.php(499): CodeIgniter\CodeIgniter->runController(Object(App\Controllers\Product))
 4 SYSTEMPATH\CodeIgniter.php(368): CodeIgniter\CodeIgniter->handleRequest(null, Object(Config\Cache), false)
 5 FCPATH\index.php(67): CodeIgniter\CodeIgniter->run()
 6 SYSTEMPATH\Commands\Server\rewrite.php(47): require_once('FCPATH\\index.php')
CRITICAL - 2023-05-09 03:51:15 --> Undefined property: App\Controllers\Product::$productModel
in APPPATH\Controllers\Product.php on line 38.
 1 APPPATH\Controllers\Product.php(38): CodeIgniter\Debug\Exceptions->errorHandler(2, 'Undefined property: App\\Controllers\\Product::$productModel', 'APPPATH\\Controllers\\Product.php', 38)
 2 SYSTEMPATH\CodeIgniter.php(934): App\Controllers\Product->index()
 3 SYSTEMPATH\CodeIgniter.php(499): CodeIgniter\CodeIgniter->runController(Object(App\Controllers\Product))
 4 SYSTEMPATH\CodeIgniter.php(368): CodeIgniter\CodeIgniter->handleRequest(null, Object(Config\Cache), false)
 5 FCPATH\index.php(67): CodeIgniter\CodeIgniter->run()
 6 SYSTEMPATH\Commands\Server\rewrite.php(47): require_once('FCPATH\\index.php')
CRITICAL - 2023-05-09 03:51:15 --> Undefined property: App\Controllers\Product::$productModel
in APPPATH\Controllers\Product.php on line 38.
 1 APPPATH\Controllers\Product.php(38): CodeIgniter\Debug\Exceptions->errorHandler(2, 'Undefined property: App\\Controllers\\Product::$productModel', 'APPPATH\\Controllers\\Product.php', 38)
 2 SYSTEMPATH\CodeIgniter.php(934): App\Controllers\Product->index()
 3 SYSTEMPATH\CodeIgniter.php(499): CodeIgniter\CodeIgniter->runController(Object(App\Controllers\Product))
 4 SYSTEMPATH\CodeIgniter.php(368): CodeIgniter\CodeIgniter->handleRequest(null, Object(Config\Cache), false)
 5 FCPATH\index.php(67): CodeIgniter\CodeIgniter->run()
 6 SYSTEMPATH\Commands\Server\rewrite.php(47): require_once('FCPATH\\index.php')
CRITICAL - 2023-05-09 03:51:15 --> Undefined property: App\Controllers\Product::$productModel
in APPPATH\Controllers\Product.php on line 38.
 1 APPPATH\Controllers\Product.php(38): CodeIgniter\Debug\Exceptions->errorHandler(2, 'Undefined property: App\\Controllers\\Product::$productModel', 'APPPATH\\Controllers\\Product.php', 38)
 2 SYSTEMPATH\CodeIgniter.php(934): App\Controllers\Product->index()
 3 SYSTEMPATH\CodeIgniter.php(499): CodeIgniter\CodeIgniter->runController(Object(App\Controllers\Product))
 4 SYSTEMPATH\CodeIgniter.php(368): CodeIgniter\CodeIgniter->handleRequest(null, Object(Config\Cache), false)
 5 FCPATH\index.php(67): CodeIgniter\CodeIgniter->run()
 6 SYSTEMPATH\Commands\Server\rewrite.php(47): require_once('FCPATH\\index.php')
CRITICAL - 2023-05-09 03:51:16 --> Undefined property: App\Controllers\Product::$productModel
in APPPATH\Controllers\Product.php on line 38.
 1 APPPATH\Controllers\Product.php(38): CodeIgniter\Debug\Exceptions->errorHandler(2, 'Undefined property: App\\Controllers\\Product::$productModel', 'APPPATH\\Controllers\\Product.php', 38)
 2 SYSTEMPATH\CodeIgniter.php(934): App\Controllers\Product->index()
 3 SYSTEMPATH\CodeIgniter.php(499): CodeIgniter\CodeIgniter->runController(Object(App\Controllers\Product))
 4 SYSTEMPATH\CodeIgniter.php(368): CodeIgniter\CodeIgniter->handleRequest(null, Object(Config\Cache), false)
 5 FCPATH\index.php(67): CodeIgniter\CodeIgniter->run()
 6 SYSTEMPATH\Commands\Server\rewrite.php(47): require_once('FCPATH\\index.php')
CRITICAL - 2023-05-09 03:51:53 --> Undefined property: App\Controllers\Product::$productModel
in APPPATH\Controllers\Product.php on line 38.
 1 APPPATH\Controllers\Product.php(38): CodeIgniter\Debug\Exceptions->errorHandler(2, 'Undefined property: App\\Controllers\\Product::$productModel', 'APPPATH\\Controllers\\Product.php', 38)
 2 SYSTEMPATH\CodeIgniter.php(934): App\Controllers\Product->index()
 3 SYSTEMPATH\CodeIgniter.php(499): CodeIgniter\CodeIgniter->runController(Object(App\Controllers\Product))
 4 SYSTEMPATH\CodeIgniter.php(368): CodeIgniter\CodeIgniter->handleRequest(null, Object(Config\Cache), false)
 5 FCPATH\index.php(67): CodeIgniter\CodeIgniter->run()
 6 SYSTEMPATH\Commands\Server\rewrite.php(47): require_once('FCPATH\\index.php')
CRITICAL - 2023-05-09 03:52:36 --> Undefined property: App\Controllers\Product::$productModel
in APPPATH\Controllers\Product.php on line 38.
 1 APPPATH\Controllers\Product.php(38): CodeIgniter\Debug\Exceptions->errorHandler(2, 'Undefined property: App\\Controllers\\Product::$productModel', 'APPPATH\\Controllers\\Product.php', 38)
 2 SYSTEMPATH\CodeIgniter.php(934): App\Controllers\Product->index()
 3 SYSTEMPATH\CodeIgniter.php(499): CodeIgniter\CodeIgniter->runController(Object(App\Controllers\Product))
 4 SYSTEMPATH\CodeIgniter.php(368): CodeIgniter\CodeIgniter->handleRequest(null, Object(Config\Cache), false)
 5 FCPATH\index.php(67): CodeIgniter\CodeIgniter->run()
 6 SYSTEMPATH\Commands\Server\rewrite.php(47): require_once('FCPATH\\index.php')
CRITICAL - 2023-05-09 03:52:38 --> Undefined property: App\Controllers\Product::$productModel
in APPPATH\Controllers\Product.php on line 38.
 1 APPPATH\Controllers\Product.php(38): CodeIgniter\Debug\Exceptions->errorHandler(2, 'Undefined property: App\\Controllers\\Product::$productModel', 'APPPATH\\Controllers\\Product.php', 38)
 2 SYSTEMPATH\CodeIgniter.php(934): App\Controllers\Product->index()
 3 SYSTEMPATH\CodeIgniter.php(499): CodeIgniter\CodeIgniter->runController(Object(App\Controllers\Product))
 4 SYSTEMPATH\CodeIgniter.php(368): CodeIgniter\CodeIgniter->handleRequest(null, Object(Config\Cache), false)
 5 FCPATH\index.php(67): CodeIgniter\CodeIgniter->run()
 6 SYSTEMPATH\Commands\Server\rewrite.php(47): require_once('FCPATH\\index.php')
CRITICAL - 2023-05-09 03:52:58 --> Undefined property: App\Controllers\Product::$productModel
in APPPATH\Controllers\Product.php on line 38.
 1 APPPATH\Controllers\Product.php(38): CodeIgniter\Debug\Exceptions->errorHandler(2, 'Undefined property: App\\Controllers\\Product::$productModel', 'APPPATH\\Controllers\\Product.php', 38)
 2 SYSTEMPATH\CodeIgniter.php(934): App\Controllers\Product->index()
 3 SYSTEMPATH\CodeIgniter.php(499): CodeIgniter\CodeIgniter->runController(Object(App\Controllers\Product))
 4 SYSTEMPATH\CodeIgniter.php(368): CodeIgniter\CodeIgniter->handleRequest(null, Object(Config\Cache), false)
 5 FCPATH\index.php(67): CodeIgniter\CodeIgniter->run()
 6 SYSTEMPATH\Commands\Server\rewrite.php(47): require_once('FCPATH\\index.php')
CRITICAL - 2023-05-09 04:09:26 --> Undefined property: App\Controllers\Product::$productModel
in APPPATH\Controllers\Product.php on line 38.
 1 APPPATH\Controllers\Product.php(38): CodeIgniter\Debug\Exceptions->errorHandler(2, 'Undefined property: App\\Controllers\\Product::$productModel', 'APPPATH\\Controllers\\Product.php', 38)
 2 SYSTEMPATH\CodeIgniter.php(934): App\Controllers\Product->index()
 3 SYSTEMPATH\CodeIgniter.php(499): CodeIgniter\CodeIgniter->runController(Object(App\Controllers\Product))
 4 SYSTEMPATH\CodeIgniter.php(368): CodeIgniter\CodeIgniter->handleRequest(null, Object(Config\Cache), false)
 5 FCPATH\index.php(67): CodeIgniter\CodeIgniter->run()
 6 SYSTEMPATH\Commands\Server\rewrite.php(47): require_once('FCPATH\\index.php')
CRITICAL - 2023-05-09 04:09:27 --> Undefined property: App\Controllers\Product::$productModel
in APPPATH\Controllers\Product.php on line 38.
 1 APPPATH\Controllers\Product.php(38): CodeIgniter\Debug\Exceptions->errorHandler(2, 'Undefined property: App\\Controllers\\Product::$productModel', 'APPPATH\\Controllers\\Product.php', 38)
 2 SYSTEMPATH\CodeIgniter.php(934): App\Controllers\Product->index()
 3 SYSTEMPATH\CodeIgniter.php(499): CodeIgniter\CodeIgniter->runController(Object(App\Controllers\Product))
 4 SYSTEMPATH\CodeIgniter.php(368): CodeIgniter\CodeIgniter->handleRequest(null, Object(Config\Cache), false)
 5 FCPATH\index.php(67): CodeIgniter\CodeIgniter->run()
 6 SYSTEMPATH\Commands\Server\rewrite.php(47): require_once('FCPATH\\index.php')
CRITICAL - 2023-05-09 04:09:28 --> Undefined property: App\Controllers\Product::$productModel
in APPPATH\Controllers\Product.php on line 38.
 1 APPPATH\Controllers\Product.php(38): CodeIgniter\Debug\Exceptions->errorHandler(2, 'Undefined property: App\\Controllers\\Product::$productModel', 'APPPATH\\Controllers\\Product.php', 38)
 2 SYSTEMPATH\CodeIgniter.php(934): App\Controllers\Product->index()
 3 SYSTEMPATH\CodeIgniter.php(499): CodeIgniter\CodeIgniter->runController(Object(App\Controllers\Product))
 4 SYSTEMPATH\CodeIgniter.php(368): CodeIgniter\CodeIgniter->handleRequest(null, Object(Config\Cache), false)
 5 FCPATH\index.php(67): CodeIgniter\CodeIgniter->run()
 6 SYSTEMPATH\Commands\Server\rewrite.php(47): require_once('FCPATH\\index.php')
CRITICAL - 2023-05-09 04:09:29 --> Undefined property: App\Controllers\Product::$productModel
in APPPATH\Controllers\Product.php on line 38.
 1 APPPATH\Controllers\Product.php(38): CodeIgniter\Debug\Exceptions->errorHandler(2, 'Undefined property: App\\Controllers\\Product::$productModel', 'APPPATH\\Controllers\\Product.php', 38)
 2 SYSTEMPATH\CodeIgniter.php(934): App\Controllers\Product->index()
 3 SYSTEMPATH\CodeIgniter.php(499): CodeIgniter\CodeIgniter->runController(Object(App\Controllers\Product))
 4 SYSTEMPATH\CodeIgniter.php(368): CodeIgniter\CodeIgniter->handleRequest(null, Object(Config\Cache), false)
 5 FCPATH\index.php(67): CodeIgniter\CodeIgniter->run()
 6 SYSTEMPATH\Commands\Server\rewrite.php(47): require_once('FCPATH\\index.php')
CRITICAL - 2023-05-09 04:09:29 --> Undefined property: App\Controllers\Product::$productModel
in APPPATH\Controllers\Product.php on line 38.
 1 APPPATH\Controllers\Product.php(38): CodeIgniter\Debug\Exceptions->errorHandler(2, 'Undefined property: App\\Controllers\\Product::$productModel', 'APPPATH\\Controllers\\Product.php', 38)
 2 SYSTEMPATH\CodeIgniter.php(934): App\Controllers\Product->index()
 3 SYSTEMPATH\CodeIgniter.php(499): CodeIgniter\CodeIgniter->runController(Object(App\Controllers\Product))
 4 SYSTEMPATH\CodeIgniter.php(368): CodeIgniter\CodeIgniter->handleRequest(null, Object(Config\Cache), false)
 5 FCPATH\index.php(67): CodeIgniter\CodeIgniter->run()
 6 SYSTEMPATH\Commands\Server\rewrite.php(47): require_once('FCPATH\\index.php')
CRITICAL - 2023-05-09 04:09:29 --> Undefined property: App\Controllers\Product::$productModel
in APPPATH\Controllers\Product.php on line 38.
 1 APPPATH\Controllers\Product.php(38): CodeIgniter\Debug\Exceptions->errorHandler(2, 'Undefined property: App\\Controllers\\Product::$productModel', 'APPPATH\\Controllers\\Product.php', 38)
 2 SYSTEMPATH\CodeIgniter.php(934): App\Controllers\Product->index()
 3 SYSTEMPATH\CodeIgniter.php(499): CodeIgniter\CodeIgniter->runController(Object(App\Controllers\Product))
 4 SYSTEMPATH\CodeIgniter.php(368): CodeIgniter\CodeIgniter->handleRequest(null, Object(Config\Cache), false)
 5 FCPATH\index.php(67): CodeIgniter\CodeIgniter->run()
 6 SYSTEMPATH\Commands\Server\rewrite.php(47): require_once('FCPATH\\index.php')
CRITICAL - 2023-05-09 04:09:51 --> Undefined variable $pager
in APPPATH\Views\layouts\v2\index.php on line 61.
 1 APPPATH\Views\layouts\v2\index.php(61): CodeIgniter\Debug\Exceptions->errorHandler(2, 'Undefined variable $pager', 'APPPATH\\Views\\layouts\\v2\\index.php', 61)
 2 SYSTEMPATH\View\View.php(213): include('APPPATH\\Views\\layouts\\v2\\index.php')
 3 SYSTEMPATH\View\View.php(216): CodeIgniter\View\View->CodeIgniter\View\{closure}()
 4 SYSTEMPATH\Common.php(1184): CodeIgniter\View\View->render('layouts/v2/index', [], true)
 5 APPPATH\Controllers\Product.php(43): view('layouts/v2/index', [...])
 6 SYSTEMPATH\CodeIgniter.php(934): App\Controllers\Product->index()
 7 SYSTEMPATH\CodeIgniter.php(499): CodeIgniter\CodeIgniter->runController(Object(App\Controllers\Product))
 8 SYSTEMPATH\CodeIgniter.php(368): CodeIgniter\CodeIgniter->handleRequest(null, Object(Config\Cache), false)
 9 FCPATH\index.php(67): CodeIgniter\CodeIgniter->run()
10 SYSTEMPATH\Commands\Server\rewrite.php(47): require_once('FCPATH\\index.php')
CRITICAL - 2023-05-09 04:09:53 --> Undefined variable $pager
in APPPATH\Views\layouts\v2\index.php on line 61.
 1 APPPATH\Views\layouts\v2\index.php(61): CodeIgniter\Debug\Exceptions->errorHandler(2, 'Undefined variable $pager', 'APPPATH\\Views\\layouts\\v2\\index.php', 61)
 2 SYSTEMPATH\View\View.php(213): include('APPPATH\\Views\\layouts\\v2\\index.php')
 3 SYSTEMPATH\View\View.php(216): CodeIgniter\View\View->CodeIgniter\View\{closure}()
 4 SYSTEMPATH\Common.php(1184): CodeIgniter\View\View->render('layouts/v2/index', [], true)
 5 APPPATH\Controllers\Product.php(43): view('layouts/v2/index', [...])
 6 SYSTEMPATH\CodeIgniter.php(934): App\Controllers\Product->index()
 7 SYSTEMPATH\CodeIgniter.php(499): CodeIgniter\CodeIgniter->runController(Object(App\Controllers\Product))
 8 SYSTEMPATH\CodeIgniter.php(368): CodeIgniter\CodeIgniter->handleRequest(null, Object(Config\Cache), false)
 9 FCPATH\index.php(67): CodeIgniter\CodeIgniter->run()
10 SYSTEMPATH\Commands\Server\rewrite.php(47): require_once('FCPATH\\index.php')
CRITICAL - 2023-05-09 04:10:23 --> Undefined property: App\Controllers\Product::$productModel
in APPPATH\Controllers\Product.php on line 38.
 1 APPPATH\Controllers\Product.php(38): CodeIgniter\Debug\Exceptions->errorHandler(2, 'Undefined property: App\\Controllers\\Product::$productModel', 'APPPATH\\Controllers\\Product.php', 38)
 2 SYSTEMPATH\CodeIgniter.php(934): App\Controllers\Product->index()
 3 SYSTEMPATH\CodeIgniter.php(499): CodeIgniter\CodeIgniter->runController(Object(App\Controllers\Product))
 4 SYSTEMPATH\CodeIgniter.php(368): CodeIgniter\CodeIgniter->handleRequest(null, Object(Config\Cache), false)
 5 FCPATH\index.php(67): CodeIgniter\CodeIgniter->run()
 6 SYSTEMPATH\Commands\Server\rewrite.php(47): require_once('FCPATH\\index.php')
CRITICAL - 2023-05-09 04:10:24 --> Undefined property: App\Controllers\Product::$productModel
in APPPATH\Controllers\Product.php on line 38.
 1 APPPATH\Controllers\Product.php(38): CodeIgniter\Debug\Exceptions->errorHandler(2, 'Undefined property: App\\Controllers\\Product::$productModel', 'APPPATH\\Controllers\\Product.php', 38)
 2 SYSTEMPATH\CodeIgniter.php(934): App\Controllers\Product->index()
 3 SYSTEMPATH\CodeIgniter.php(499): CodeIgniter\CodeIgniter->runController(Object(App\Controllers\Product))
 4 SYSTEMPATH\CodeIgniter.php(368): CodeIgniter\CodeIgniter->handleRequest(null, Object(Config\Cache), false)
 5 FCPATH\index.php(67): CodeIgniter\CodeIgniter->run()
 6 SYSTEMPATH\Commands\Server\rewrite.php(47): require_once('FCPATH\\index.php')
CRITICAL - 2023-05-09 04:10:24 --> Undefined property: App\Controllers\Product::$productModel
in APPPATH\Controllers\Product.php on line 38.
 1 APPPATH\Controllers\Product.php(38): CodeIgniter\Debug\Exceptions->errorHandler(2, 'Undefined property: App\\Controllers\\Product::$productModel', 'APPPATH\\Controllers\\Product.php', 38)
 2 SYSTEMPATH\CodeIgniter.php(934): App\Controllers\Product->index()
 3 SYSTEMPATH\CodeIgniter.php(499): CodeIgniter\CodeIgniter->runController(Object(App\Controllers\Product))
 4 SYSTEMPATH\CodeIgniter.php(368): CodeIgniter\CodeIgniter->handleRequest(null, Object(Config\Cache), false)
 5 FCPATH\index.php(67): CodeIgniter\CodeIgniter->run()
 6 SYSTEMPATH\Commands\Server\rewrite.php(47): require_once('FCPATH\\index.php')
CRITICAL - 2023-05-09 04:10:42 --> Undefined property: App\Controllers\Product::$productModel
in APPPATH\Controllers\Product.php on line 38.
 1 APPPATH\Controllers\Product.php(38): CodeIgniter\Debug\Exceptions->errorHandler(2, 'Undefined property: App\\Controllers\\Product::$productModel', 'APPPATH\\Controllers\\Product.php', 38)
 2 SYSTEMPATH\CodeIgniter.php(934): App\Controllers\Product->index()
 3 SYSTEMPATH\CodeIgniter.php(499): CodeIgniter\CodeIgniter->runController(Object(App\Controllers\Product))
 4 SYSTEMPATH\CodeIgniter.php(368): CodeIgniter\CodeIgniter->handleRequest(null, Object(Config\Cache), false)
 5 FCPATH\index.php(67): CodeIgniter\CodeIgniter->run()
 6 SYSTEMPATH\Commands\Server\rewrite.php(47): require_once('FCPATH\\index.php')
CRITICAL - 2023-05-09 04:11:01 --> Undefined property: App\Controllers\Product::$productModel
in APPPATH\Controllers\Product.php on line 38.
 1 APPPATH\Controllers\Product.php(38): CodeIgniter\Debug\Exceptions->errorHandler(2, 'Undefined property: App\\Controllers\\Product::$productModel', 'APPPATH\\Controllers\\Product.php', 38)
 2 SYSTEMPATH\CodeIgniter.php(934): App\Controllers\Product->index()
 3 SYSTEMPATH\CodeIgniter.php(499): CodeIgniter\CodeIgniter->runController(Object(App\Controllers\Product))
 4 SYSTEMPATH\CodeIgniter.php(368): CodeIgniter\CodeIgniter->handleRequest(null, Object(Config\Cache), false)
 5 FCPATH\index.php(67): CodeIgniter\CodeIgniter->run()
 6 SYSTEMPATH\Commands\Server\rewrite.php(47): require_once('FCPATH\\index.php')
